
*** Running vivado
    with args -log dist_mem_gen_0.vds -m64 -product Vivado -mode batch -messageDb vivado.pb -notrace -source dist_mem_gen_0.tcl


****** Vivado v2017.1 (64-bit)
  **** SW Build 1846317 on Fri Apr 14 18:55:03 MDT 2017
  **** IP Build 1846188 on Fri Apr 14 20:52:08 MDT 2017
    ** Copyright 1986-2017 Xilinx, Inc. All Rights Reserved.

source dist_mem_gen_0.tcl -notrace
Starting RTL Elaboration : Time (s): cpu = 00:00:06 ; elapsed = 00:00:07 . Memory (MB): peak = 358.949 ; gain = 79.684
INFO: [Synth 8-638] synthesizing module 'dist_mem_gen_0' [d:/CPU/CPU.srcs/sources_1/ip/dist_mem_gen_0/synth/dist_mem_gen_0.vhd:69]
INFO: [Synth 8-256] done synthesizing module 'dist_mem_gen_0' (4#1) [d:/CPU/CPU.srcs/sources_1/ip/dist_mem_gen_0/synth/dist_mem_gen_0.vhd:69]
Finished RTL Elaboration : Time (s): cpu = 00:00:11 ; elapsed = 00:00:13 . Memory (MB): peak = 419.770 ; gain = 140.504
Finished RTL Optimization Phase 1 : Time (s): cpu = 00:00:11 ; elapsed = 00:00:13 . Memory (MB): peak = 419.770 ; gain = 140.504
INFO: [Device 21-403] Loading part xc7a100tcsg324-1
Constraint Validation Runtime : Time (s): cpu = 00:00:00 ; elapsed = 00:00:00.228 . Memory (MB): peak = 670.887 ; gain = 0.000
Finished Constraint Validation : Time (s): cpu = 00:00:28 ; elapsed = 00:00:34 . Memory (MB): peak = 670.887 ; gain = 391.621
Finished Loading Part and Timing Information : Time (s): cpu = 00:00:28 ; elapsed = 00:00:34 . Memory (MB): peak = 670.887 ; gain = 391.621
Finished applying 'set_property' XDC Constraints : Time (s): cpu = 00:00:28 ; elapsed = 00:00:34 . Memory (MB): peak = 670.887 ; gain = 391.621
Finished RTL Optimization Phase 2 : Time (s): cpu = 00:00:28 ; elapsed = 00:00:34 . Memory (MB): peak = 670.887 ; gain = 391.621
Finished Cross Boundary and Area Optimization : Time (s): cpu = 00:00:29 ; elapsed = 00:00:35 . Memory (MB): peak = 670.887 ; gain = 391.621
---------------------------------------------------------------------------------
Start ROM, RAM, DSP and Shift Register Reporting
---------------------------------------------------------------------------------

Distributed RAM: Preliminary Mapping  Report (see note below)
+------------+-----------------------------------------------------------+----------------+----------------------+------------------+
|Module Name | RTL Object                                                | Inference      | Size (Depth x Width) | Primitives       | 
+------------+-----------------------------------------------------------+----------------+----------------------+------------------+
|U0          | synth_options.dist_mem_inst/gen_sp_ram.spram_inst/ram_reg | User Attribute | 256 x 16             | RAM256X1S x 16   | 
+------------+-----------------------------------------------------------+----------------+----------------------+------------------+

Note: The table above is a preliminary report that shows the Distributed RAMs at the current stage of the synthesis flow. Some Distributed RAMs may be reimplemented as non Distributed RAM primitives later in the synthesis flow. Multiple instantiated RAMs are reported only once.
---------------------------------------------------------------------------------
Finished ROM, RAM, DSP and Shift Register Reporting
---------------------------------------------------------------------------------
Finished Applying XDC Timing Constraints : Time (s): cpu = 00:00:43 ; elapsed = 00:00:50 . Memory (MB): peak = 670.887 ; gain = 391.621
Finished Timing Optimization : Time (s): cpu = 00:00:43 ; elapsed = 00:00:50 . Memory (MB): peak = 670.887 ; gain = 391.621
Finished Technology Mapping : Time (s): cpu = 00:00:43 ; elapsed = 00:00:50 . Memory (MB): peak = 676.621 ; gain = 397.355
Finished IO Insertion : Time (s): cpu = 00:00:44 ; elapsed = 00:00:51 . Memory (MB): peak = 676.621 ; gain = 397.355
Finished Renaming Generated Instances : Time (s): cpu = 00:00:44 ; elapsed = 00:00:51 . Memory (MB): peak = 676.621 ; gain = 397.355
Finished Rebuilding User Hierarchy : Time (s): cpu = 00:00:44 ; elapsed = 00:00:51 . Memory (MB): peak = 676.621 ; gain = 397.355
Finished Renaming Generated Ports : Time (s): cpu = 00:00:44 ; elapsed = 00:00:51 . Memory (MB): peak = 676.621 ; gain = 397.355
Finished Handling Custom Attributes : Time (s): cpu = 00:00:44 ; elapsed = 00:00:51 . Memory (MB): peak = 676.621 ; gain = 397.355
Finished Renaming Generated Nets : Time (s): cpu = 00:00:44 ; elapsed = 00:00:51 . Memory (MB): peak = 676.621 ; gain = 397.355

Report Cell Usage: 
+------+----------+------+
|      |Cell      |Count |
+------+----------+------+
|1     |RAM256X1S |    16|
|2     |FDRE      |    16|
+------+----------+------+
Finished Writing Synthesis Report : Time (s): cpu = 00:00:44 ; elapsed = 00:00:51 . Memory (MB): peak = 676.621 ; gain = 397.355
synth_design: Time (s): cpu = 00:00:46 ; elapsed = 00:00:54 . Memory (MB): peak = 680.004 ; gain = 400.738
